0 info it worked if it ends with ok
1 verbose cli [ 'C:\\Program Files\\nodejs\\\\node.exe',
1 verbose cli   'C:\\Program Files\\nodejs\\node_modules\\npm\\bin\\npm-cli.js',
1 verbose cli   'publish' ]
2 info using npm@2.5.1
3 info using node@v0.12.1
4 verbose node symlink C:\Program Files\nodejs\\node.exe
5 verbose publish [ '.' ]
6 silly cache add args [ '.', null ]
7 verbose cache add spec .
8 silly cache add parsed spec { raw: '.',
8 silly cache add   scope: null,
8 silly cache add   name: null,
8 silly cache add   rawSpec: '.',
8 silly cache add   spec: 'C:\\Users\\CottaI01\\Documents\\Projects\\SearchIO\\html-processor',
8 silly cache add   type: 'directory' }
9 verbose addLocalDirectory C:\Users\CottaI01\AppData\Roaming\npm-cache\cleanJS\1.0.1\package.tgz not in flight; packing
10 verbose tar pack [ 'C:\\Users\\CottaI01\\AppData\\Roaming\\npm-cache\\cleanJS\\1.0.1\\package.tgz',
10 verbose tar pack   'C:\\Users\\CottaI01\\Documents\\Projects\\SearchIO\\html-processor' ]
11 verbose tarball C:\Users\CottaI01\AppData\Roaming\npm-cache\cleanJS\1.0.1\package.tgz
12 verbose folder C:\Users\CottaI01\Documents\Projects\SearchIO\html-processor
13 info prepublish cleanJS@1.0.1
14 verbose addLocalTarball adding from inside cache C:\Users\CottaI01\AppData\Roaming\npm-cache\cleanJS\1.0.1\package.tgz
15 silly cache afterAdd cleanJS@1.0.1
16 verbose afterAdd C:\Users\CottaI01\AppData\Roaming\npm-cache\cleanJS\1.0.1\package\package.json not in flight; writing
17 verbose afterAdd C:\Users\CottaI01\AppData\Roaming\npm-cache\cleanJS\1.0.1\package\package.json written
18 silly publish { name: 'cleanJS',
18 silly publish   version: '1.0.1',
18 silly publish   description: 'Clean and enhance your offline HTML files',
18 silly publish   main: 'src/index.js',
18 silly publish   scripts: { test: 'echo "Error: no test specified" && exit 1' },
18 silly publish   repository:
18 silly publish    { type: 'git',
18 silly publish      url: 'https://github.com/iancottam91/cleanJS.git' },
18 silly publish   keywords: [ 'html', 'cleaner', 'offline' ],
18 silly publish   author: { name: '\'Ian', email: '\'icottam@msn.com\'' },
18 silly publish   license: '\'MIT\'',
18 silly publish   bugs: { url: 'https://github.com/iancottam91/cleanJS/issues' },
18 silly publish   homepage: 'https://github.com/iancottam91/cleanJS',
18 silly publish   dependencies:
18 silly publish    { cheerio: '0.19.0',
18 silly publish      fs: '0.0.2',
18 silly publish      mkdirp: '0.5.1',
18 silly publish      path: '0.12.7',
18 silly publish      prompt: '0.2.14' },
18 silly publish   readme: '# HTML Processor\r\n\r\n## Clean and enhance your offline HTML files\r\n\r\nclean.js is a simple Node.js module that allows you to process a batch of html files programmatically or through the command line. clean.js will allow the following operations:\r\n\r\n* remove elements specified by a jquery selector \r\n* add custom styles\r\n* create new elements in defined locations\r\n* custom operations, coded in a JavaScript function\r\n\r\n## Usage\r\n\r\ninstall through npm ny running:\r\n\r\n`npm install html-processor`\r\n\r\nrequire the module from your Node.js application:\r\n\r\n`var cleanFiles = require(\'html-processor\');\r\ncleanFiles();`\r\n\r\ncleanjs exports a function that takes 5 parameters. If you call the function without any parameters and run the above code from the command line, you will be prompted for them. Otherwise you can provide the parameters in your application:\r\n\r\n`cleanFiles(directory, elementsToDelete, customStyles, customFunction, callback);`\r\n\r\n---\r\n\r\ndirectory: the absolute path to the directory containing your html content\r\n\r\n---\r\n\r\nelementsToDelete: a string of comma separated jQuery selectors to specify elements to delete\r\n\r\n---\r\n\r\ncustomStyles: A set of css rules defined as a string to be applied to each page\r\n\r\n---\r\n\r\ncustomFunction: A custom js function. The function should take one parameter \'html\', which is the full HTML document as a jQuery variable. It should return the same varaible after manipulation.\r\n\r\n--- \r\n\r\ncallback: \r\n\r\n\r\n\r\n## Examples - download these from the git repo\r\n\r\n1. Use example.js to process the data in /test-data. To do this open a command prompt in the \'examples\' directory and run:\r\n\r\n`node example.js`\r\n\r\n2. Use commandUse.js to fill in the parameters at the command line. Open a command prompt in the root directory and run:\r\n\r\n`node commandUse.js`\r\n',
18 silly publish   readmeFilename: 'README.md',
18 silly publish   gitHead: 'a81780f98b4297281de7f6723d532f2f6e374381',
18 silly publish   _id: 'cleanJS@1.0.1',
18 silly publish   _shasum: 'ce536caacbaf31db9e1de8b7ab86925b5f93eeb6',
18 silly publish   _from: '.' }
19 silly mapToRegistry name cleanJS
20 silly mapToRegistry using default registry
21 silly mapToRegistry registry http://registry.npmjs.org/
22 silly mapToRegistry uri http://registry.npmjs.org/cleanJS
23 verbose publish registryBase http://registry.npmjs.org/
24 silly publish uploading C:\Users\CottaI01\AppData\Roaming\npm-cache\cleanJS\1.0.1\package.tgz
25 verbose stack Error: Invalid name: "cleanJS"
25 verbose stack     at ensureValidName (C:\Program Files\nodejs\node_modules\npm\node_modules\normalize-package-data\lib\fixer.js:322:15)
25 verbose stack     at Object.module.exports.fixNameField (C:\Program Files\nodejs\node_modules\npm\node_modules\normalize-package-data\lib\fixer.js:211:5)
25 verbose stack     at CachingRegistryClient.publish (C:\Program Files\nodejs\node_modules\npm\node_modules\npm-registry-client\lib\publish.js:41:11)
25 verbose stack     at C:\Program Files\nodejs\node_modules\npm\lib\publish.js:135:14
25 verbose stack     at mapToRegistry (C:\Program Files\nodejs\node_modules\npm\lib\utils\map-to-registry.js:55:3)
25 verbose stack     at publish_ (C:\Program Files\nodejs\node_modules\npm\lib\publish.js:105:3)
25 verbose stack     at Array.<anonymous> (C:\Program Files\nodejs\node_modules\npm\node_modules\slide\lib\bind-actor.js:15:8)
25 verbose stack     at LOOP (C:\Program Files\nodejs\node_modules\npm\node_modules\slide\lib\chain.js:15:14)
25 verbose stack     at LOOP (C:\Program Files\nodejs\node_modules\npm\node_modules\slide\lib\chain.js:14:28)
25 verbose stack     at chain (C:\Program Files\nodejs\node_modules\npm\node_modules\slide\lib\chain.js:20:5)
26 verbose cwd C:\Users\CottaI01\Documents\Projects\SearchIO\html-processor
27 error Windows_NT 6.1.7601
28 error argv "C:\\Program Files\\nodejs\\\\node.exe" "C:\\Program Files\\nodejs\\node_modules\\npm\\bin\\npm-cli.js" "publish"
29 error node v0.12.1
30 error npm  v2.5.1
31 error Invalid name: "cleanJS"
32 error If you need help, you may report this error at:
32 error     <http://github.com/npm/npm/issues>
33 verbose exit [ 1, true ]
